<?xml version="1.0" encoding="UTF-8"?>
<testsuites>
    <testsuite name="crear-ticket;creo-un-ticket" tests="2" failures="1" skipped="1">
        <properties>
            <property name="URI" value="/home/leogm99/Escritorio/aninfo/modulo_soporte/PSA-Squad2-ModuloSoporte/bdd_tests/features/crear_ticket.feature">
            </property>
        </properties>
        <testcase name="When creo un ticket valido" classname="crear-ticket;creo-un-ticket" time="0.79631016">
            <failure message="Error: Request failed with status code 409">Error: Request failed with status code 409
    at createError (/home/leogm99/Escritorio/aninfo/modulo_soporte/PSA-Squad2-ModuloSoporte/node_modules/axios/lib/core/createError.js:16:15)
    at settle (/home/leogm99/Escritorio/aninfo/modulo_soporte/PSA-Squad2-ModuloSoporte/node_modules/axios/lib/core/settle.js:17:12)
    at IncomingMessage.handleStreamEnd (/home/leogm99/Escritorio/aninfo/modulo_soporte/PSA-Squad2-ModuloSoporte/node_modules/axios/lib/adapters/http.js:293:11)
    at IncomingMessage.emit (events.js:327:22)
    at endReadableNT (internal/streams/readable.js:1327:12)
    at processTicksAndRejections (internal/process/task_queues.js:80:21)</failure>
        </testcase>
        <testcase name="Then se crea en la base de datos" classname="crear-ticket;creo-un-ticket">
            <skipped message="">
            </skipped>
        </testcase>
    </testsuite>
</testsuites>